
========================[ Dec 14, 2015  1:51 PM ]========================
Version 2.2.26 [Sep-21-2011]
Started database file "full.seq"
Formatted 55 sequences in volume 0
SUCCESS: formatted database full.seq

========================[ Dec 14, 2015  1:53 PM ]========================
Version 2.2.26 [Sep-21-2011]
Started database file "full.seq"
Formatted 55 sequences in volume 0
SUCCESS: formatted database full.seq

========================[ Dec 14, 2015  1:59 PM ]========================
Version 2.2.26 [Sep-21-2011]
Started database file "full.seq"
Formatted 55 sequences in volume 0
SUCCESS: formatted database full.seq

========================[ Dec 14, 2015  2:01 PM ]========================
Version 2.2.26 [Sep-21-2011]
Started database file "full.seq"
Formatted 55 sequences in volume 0
SUCCESS: formatted database full.seq

========================[ Dec 14, 2015  2:20 PM ]========================
Version 2.2.26 [Sep-21-2011]
Started database file "full.seq"
Formatted 55 sequences in volume 0
SUCCESS: formatted database full.seq

========================[ Dec 14, 2015  2:26 PM ]========================
Version 2.2.26 [Sep-21-2011]
Started database file "full.seq"
Formatted 55 sequences in volume 0
SUCCESS: formatted database full.seq

========================[ Dec 14, 2015  2:27 PM ]========================
Version 2.2.26 [Sep-21-2011]
Started database file "full.seq"
Formatted 55 sequences in volume 0
SUCCESS: formatted database full.seq

========================[ Dec 14, 2015  2:30 PM ]========================
Version 2.2.26 [Sep-21-2011]
Started database file "full.seq"
Formatted 55 sequences in volume 0
SUCCESS: formatted database full.seq

========================[ Dec 14, 2015  2:35 PM ]========================
Version 2.2.26 [Sep-21-2011]
Started database file "full.seq"
Formatted 51 sequences in volume 0
SUCCESS: formatted database full.seq

========================[ Dec 14, 2015  2:45 PM ]========================
Version 2.2.26 [Sep-21-2011]
Started database file "full.seq"
Formatted 51 sequences in volume 0
SUCCESS: formatted database full.seq

========================[ Dec 14, 2015  2:46 PM ]========================
Version 2.2.26 [Sep-21-2011]
Started database file "full.seq"
Formatted 51 sequences in volume 0
SUCCESS: formatted database full.seq

========================[ Dec 14, 2015  4:21 PM ]========================
Version 2.2.26 [Sep-21-2011]
Started database file "full.seq"
Formatted 51 sequences in volume 0
SUCCESS: formatted database full.seq
