 seedlen = 0 lowscore = 0
Mutation Data Matrix (120 PAMs)
ARNDCQEGHILKMFPSTWYVBZX
matrix constant = 8
Residue identity scores 10
ARNDCQEGHILKMFPSTWYVBZX
matrix constant = 0

92680 sequences to be read in length range 100 -> 150

Calculating peptide table based on length 4
Reading user file of seq.s: final.seq
 user_in = 1
End of user sequences
491 sequences read into 491 blocks, (491 are keyed)


 ****** CYCLE 0 ******
Minimum score held = 9
Top 3 scores held per sequence
Sequences in the range 0<Dij<62 scored
Adjacent sequences scored with bonus of 10
233 pairs found this pass, 0 previously collected


 ****** CYCLE 1 ******
Minimum score held = 9
Top 3 scores held per sequence
Sequences in the range 61<Dij<123 scored
Adjacent sequences scored with bonus of 10
141 pairs found this pass, 196 previously collected


 ****** CYCLE 2 ******
Minimum score held = 9
Top 3 scores held per sequence
Sequences in the range 122<Dij<184 scored
Adjacent sequences scored with bonus of 10
167 pairs found this pass, 293 previously collected


 ****** CYCLE 3 ******
Minimum score held = 9
Top 3 scores held per sequence
Sequences in the range 183<Dij<245 scored
Adjacent sequences scored with bonus of 10
139 pairs found this pass, 417 previously collected


 ****** CYCLE 4 ******
Minimum score held = 9
Top 3 scores held per sequence
Sequences in the range 244<Dij<306 scored
Adjacent sequences scored with bonus of 10
100 pairs found this pass, 510 previously collected


 ****** CYCLE 5 ******
Minimum score held = 9
Top 3 scores held per sequence
Sequences in the range 305<Dij<367 scored
Adjacent sequences scored with bonus of 10
175 pairs found this pass, 559 previously collected


 ****** CYCLE 6 ******
Minimum score held = 9
Top 3 scores held per sequence
Sequences in the range 366<Dij<428 scored
Adjacent sequences scored with bonus of 10
132 pairs found this pass, 691 previously collected


 ****** CYCLE 7 ******
Minimum score held = 9
Top 3 scores held per sequence
Sequences in the range 427<Dij<492 scored
Adjacent sequences scored with bonus of 10
157 pairs found this pass, 777 previously collected
pre_order  malloc OK
reorder  malloc OK done
 new block malloc OK
cluster_pairs total list_alloc = 120
pack_lists 359/491 blocks moved

New sequence order is:
* Block 0 <=== 53	USER>>seq54	  135   gi|599421186|ref|XP_007416534.1|/12591393
* Block 1 <=== 48	USER>>seq49	  130   gi|299743615|ref|XP_001835879.2|/12861415
* Block 2 <=== 11	USER>>seq11	  121   gi|21693597|gb|AAM75361.1|AF521648_1/5125
* Block 3 <=== 35	USER>>seq36	  121   gi|496413046|ref|WP_009121910.1|/11951315
* Block 4 <=== 36	USER>>seq37	  121   gi|547809967|ref|WP_022219191.1|/11951315
* Block 5 <=== 1	USER>>seq1	  121   gi|505345309|ref|WP_015532411.1|/11951315
* Block 6 <=== 2	USER>>seq2	  121   gi|503384622|ref|WP_013619283.1|/11951315
* Block 7 <=== 42	USER>>seq43	  123   gi|490433163|ref|WP_004305003.1|/11931315
* Block 8 <=== 41	USER>>seq42	  123   gi|490427674|ref|WP_004299830.1|/11931315
* Block 9 <=== 40	USER>>seq41	  123   gi|495925087|ref|WP_008649666.1|/11931315
* Block 10 <=== 39	USER>>seq40	  123   gi|495299764|ref|WP_008024515.1|/11931315
* Block 11 <=== 38	USER>>seq39	  123   gi|495029284|ref|WP_007754840.1|/11931315
* Block 12 <=== 37	USER>>seq38	  121   gi|547798961|ref|WP_022208710.1|/11951315
* Block 13 <=== 55	USER>>seq56	  118   gi|640554609|ref|WP_024986415.1|/12371354
* Block 14 <=== 19	USER>>seq20	  116   gi|491929309|ref|WP_005677230.1|/12391354
* Block 15 <=== 20	USER>>seq21	  116   gi|491934359|ref|WP_005679902.1|/12391354
* Block 16 <=== 21	USER>>seq22	  116   gi|547309833|ref|WP_022041737.1|/12391354
* Block 17 <=== 22	USER>>seq23	  118   gi|496046583|ref|WP_008771090.1|/12371354
* Block 18 <=== 23	USER>>seq24	  118   gi|496329885|ref|WP_009039063.1|/12371354
* Block 19 <=== 24	USER>>seq25	  118   gi|490454048|ref|WP_004324878.1|/12371354
* Block 20 <=== 25	USER>>seq26	  118   gi|496288376|ref|WP_009000414.1|/12371354
* Block 21 <=== 26	USER>>seq27	  118   gi|490429369|ref|WP_004301508.1|/12371354
* Block 22 <=== 27	USER>>seq28	  118   gi|547789254|ref|WP_022199668.1|/12371354
* Block 23 <=== 28	USER>>seq29	  118   gi|495926128|ref|WP_008650707.1|/12371354
* Block 24 <=== 29	USER>>seq30	  118   gi|496052911|ref|WP_008777418.1|/12371354
* Block 25 <=== 61	USER>>seq62	  118   gi|518323147|ref|WP_019493354.1|/17661883
* Block 26 <=== 50	USER>>seq51	  136   gi|356525172|ref|XP_003531201.1|/8941029
* Block 27 <=== 49	USER>>seq50	  136   gi|356512385|ref|XP_003524900.1|/8941029
* Block 28 <=== 7	USER>>seq7	  117   gi|504992204|ref|WP_015179306.1|/26282744KEEP
* Block 29 <=== 58	USER>>seq59	  119   gi|648406386|ref|WP_026098137.1|/12361354
* Block 30 <=== 3	USER>>seq3	  116   gi|500203811|ref|WP_011874050.1|/12001315
* Block 31 <=== 5	USER>>seq5	  123   gi|520763611|ref|WP_020284632.1|/16221744
* Block 32 <=== 46	USER>>seq47	  119   gi|559210982|ref|WP_023578689.1|/12361354
* Block 33 <=== 56	USER>>seq57	  120   gi|664267588|ref|WP_030798421.1|/16641783
* Block 34 <=== 4	USER>>seq4	  119   gi|505473777|ref|WP_015660451.1|/11971315
* Block 35 <=== 30	USER>>seq31	  120   gi|494624011|ref|WP_007381955.1|/12351354
* Block 36 <=== 6	USER>>seq6	  124   gi|515340180|ref|WP_016859159.1|/12311354
* Block 37 <=== 14	USER>>seq14	  124   gi|515367485|ref|WP_016870349.1|/11921315
* Block 38 <=== 13	USER>>seq13	  129   gi|519052297|ref|WP_020208172.1|/11871315KEEP
* Block 39 <=== 8	USER>>seq8	  120   gi|515665283|ref|WP_017097883.1|/11961315
* Block 40 <=== 9	USER>>seq9	  120   gi|515671322|ref|WP_017103922.1|/11961315
* Block 41 <=== 10	USER>>seq10	  120   gi|515668251|ref|WP_017100851.1|/11961315
* Block 42 <=== 12	USER>>seq12	  120   gi|517821330|ref|WP_018991538.1|/11961315
* Block 43 <--- 15	USER>>seq15	  119   gi|500034234|ref|WP_011714952.1|/22362354
* Block 44 <--- 16	USER>>seq16	  129   gi|118378518|ref|XP_001022434.1|/10361164
* Block 45 <=== 17	USER>>seq17	  125   gi|499447709|ref|WP_011135173.1|/12691393
* Block 46 <=== 33	USER>>seq34	  127   gi|495130153|ref|WP_007854964.1|/12281354
* Block 47 <--- 18	USER>>seq18	  112   gi|503703549|ref|WP_013937625.1|/32823393
* Block 48 <=== 47	USER>>seq48	  114   gi|489568147|ref|WP_003472638.1|/22412354
* Block 49 <=== 32	USER>>seq33	  120   gi|490241042|ref|WP_004139298.1|/15861705
* Block 50 <=== 52	USER>>seq53	  123   gi|497887462|ref|WP_010201618.1|/21932315
* Block 51 <=== 31	USER>>seq32	  120   gi|495323192|ref|WP_008047938.1|/12351354
* Block 52 <=== 34	USER>>seq35	  121   gi|521076145|ref|WP_020407052.1|/25852705
* Block 53 <=== 43	USER>>seq44	  115   gi|497849186|ref|WP_010163342.1|/12011315
* Block 54 <=== 44	USER>>seq45	  115   gi|497902292|ref|WP_010216448.1|/12011315
* Block 55 <--- 45	USER>>seq46	  118   gi|499752512|ref|WP_011433246.1|/11981315
* Block 56 <--- 51	USER>>seq52	  120   gi|499636648|ref|WP_011317382.1|/21962315
* Block 57 <--- 54	USER>>seq55	  123   gi|598012399|ref|XP_007337385.1|/12711393
* Block 58 <--- 57	USER>>seq58	  131   gi|630028575|ref|XP_007836536.1|/11851315
* Block 59 <--- 59	USER>>seq60	  111   gi|654260876|ref|WP_027776107.1|/16341744
* Block 60 <--- 60	USER>>seq61	  115   gi|655359284|ref|WP_028765644.1|/12791393
* Block 61 <=== 76	USER>>seq77	  120   gi|515961909|ref|WP_017392492.1|/13741493
* Block 62 <=== 75	USER>>seq76	  120   gi|515969661|ref|WP_017400244.1|/13741493
* Block 63 <=== 77	USER>>seq78	  120   gi|515955310|ref|WP_017385893.1|/13741493
* Block 64 <=== 64	USER>>seq65	  120   gi|503973564|ref|WP_014207558.1|/13741493
* Block 65 <=== 119	USER>>seq121	  120   gi|491214471|ref|WP_005072797.1|/13741493
* Block 66 <=== 118	USER>>seq120	  120   gi|491206026|ref|WP_005064363.1|/13741493
* Block 67 <=== 113	USER>>seq115	  120   gi|488045100|ref|WP_002116497.1|/13741493
* Block 68 <=== 120	USER>>seq122	  120   gi|496863600|ref|WP_009389610.1|/13741493
* Block 69 <=== 121	USER>>seq123	  121   gi|491452026|ref|WP_005309810.1|/13731493
* Block 70 <=== 122	USER>>seq124	  121   gi|490927418|ref|WP_004789273.1|/13731493
* Block 71 <=== 65	USER>>seq66	  121   gi|502961934|ref|WP_013196910.1|/13731493
* Block 72 <=== 79	USER>>seq80	  122   gi|514971046|ref|WP_016659334.1|/13721493
* Block 73 <=== 114	USER>>seq116	  121   gi|499782943|ref|WP_011463677.1|/17631883
* Block 74 <=== 62	USER>>seq63	  121   gi|505015114|ref|WP_015202216.1|/17241844
* Block 75 <--- 63	USER>>seq64	  124   gi|398390113|ref|XP_003848517.1|/9451068
* Block 76 <=== 85	USER>>seq86	  122   gi|505343348|ref|WP_015530450.1|/9471068
* Block 77 <=== 86	USER>>seq87	  122   gi|505328140|ref|WP_015515242.1|/9471068
* Block 78 <=== 80	USER>>seq81	  125   gi|506295414|ref|WP_015815189.1|/9441068
* Block 79 <=== 102	USER>>seq104	  126   gi|506253837|ref|WP_015773612.1|/9041029
* Block 80 <=== 88	USER>>seq89	  119   gi|505012528|ref|WP_015199630.1|/13361454
* Block 81 <=== 87	USER>>seq88	  118   gi|504015939|ref|WP_014249933.1|/9511068
* Block 82 <=== 115	USER>>seq117	  119   gi|517221513|ref|WP_018410331.1|/9111029
* Block 83 <=== 116	USER>>seq118	  122   gi|515934404|ref|WP_017364987.1|/9081029
* Block 84 <=== 78	USER>>seq79	  121   gi|506253839|ref|WP_015773614.1|/9481068
* Block 85 <=== 81	USER>>seq82	  121   gi|506254036|ref|WP_015773811.1|/9481068
* Block 86 <=== 106	USER>>seq108	  123   gi|503602385|ref|WP_013836461.1|/9071029
* Block 87 <=== 66	USER>>seq67	  121   gi|504255918|ref|WP_014443020.1|/13731493
* Block 88 <=== 70	USER>>seq71	  120   gi|655408680|ref|WP_028807483.1|/12351354
* Block 89 <=== 69	USER>>seq70	  120   gi|655410585|ref|WP_028809388.1|/12351354
* Block 90 <=== 93	USER>>seq95	  120   gi|663314809|ref|WP_030314694.1|/12351354
* Block 91 <=== 94	USER>>seq96	  119   gi|664062917|ref|WP_030601716.1|/12361354
* Block 92 <=== 92	USER>>seq94	  119   gi|664408345|ref|WP_030934186.1|/12361354
* Block 93 <=== 84	USER>>seq85	  131   gi|502740459|ref|WP_012975443.1|/9381068
* Block 94 <=== 103	USER>>seq105	  119   gi|501582194|ref|WP_012586512.1|/9111029
* Block 95 <=== 101	USER>>seq103	  120   gi|516431396|ref|WP_017820451.1|/13351454
* Block 96 <--- 67	USER>>seq68	  121   gi|501378374|ref|WP_012409940.1|/13731493
* Block 97 <=== 105	USER>>seq107	  103   gi|505001702|ref|WP_015188804.1|/9271029
* Block 98 <=== 68	USER>>seq69	  114   gi|504950219|ref|WP_015137321.1|/13801493
* Block 99 <=== 107	USER>>seq109	  121   gi|503568300|ref|WP_013802376.1|/9091029
* Block 100 <--- 71	USER>>seq72	  118   gi|9857983|gb|AAG00949.1|AF273679_3/523640
* Block 101 <--- 72	USER>>seq73	  119   gi|505243879|ref|WP_015430981.1|/9501068
* Block 102 <--- 73	USER>>seq74	  117   gi|505218414|ref|WP_015405516.1|/9521068
* Block 103 <=== 74	USER>>seq75	  118   gi|503392721|ref|WP_013627382.1|/9511068
* Block 104 <=== 117	USER>>seq119	  122   gi|522822139|ref|WP_020734859.1|/9081029
* Block 105 <--- 82	USER>>seq83	  124   gi|515866127|ref|WP_017296755.1|/13701493
* Block 106 <--- 83	USER>>seq84	  124   gi|504359359|ref|WP_014546461.1|/9451068
* Block 107 <--- 89	USER>>seq90	  124   gi|503023135|ref|WP_013258111.1|/9451068
* Block 108 <--- 90	USER>>seq91	  113   gi|503984993|ref|WP_014218987.1|/9561068
* Block 109 <--- 91	USER>>seq93	  122   gi|653101692|ref|WP_027351777.1|/11941315
* Block 110 <--- 95	USER>>seq97	  121   gi|506420924|ref|WP_015940643.1|/9091029
* Block 111 <=== 96	USER>>seq98	  109   gi|500666872|ref|WP_011969807.1|/9211029
* Block 112 <=== 109	USER>>seq111	  109   gi|517007252|ref|WP_018210033.1|/9211029
* Block 113 <=== 108	USER>>seq110	  109   gi|515843133|ref|WP_017273886.1|/9211029
* Block 114 <--- 97	USER>>seq99	  119   gi|501112129|ref|WP_012161695.1|/9111029
* Block 115 <=== 98	USER>>seq100	  122   gi|516312941|ref|WP_017709635.1|/9471068
* Block 116 <=== 99	USER>>seq101	  122   gi|516298698|ref|WP_017702005.1|/9471068
* Block 117 <=== 100	USER>>seq102	  122   gi|518163676|ref|WP_019333884.1|/9471068
* Block 118 <--- 104	USER>>seq106	  123   gi|504991352|ref|WP_015178454.1|/12931415
* Block 119 <--- 110	USER>>seq112	  117   gi|522078315|ref|WP_020589524.1|/9521068
* Block 120 <--- 111	USER>>seq113	  117   gi|517076995|ref|WP_018265813.1|/9131029
* Block 121 <--- 112	USER>>seq114	  122   gi|519029529|ref|WP_020185404.1|/9081029
* Block 122 <=== 123	USER>>seq125	  120   gi|491321570|ref|WP_005179536.1|/13741493
* Block 123 <=== 151	USER>>seq153	  121   gi|515814669|ref|WP_017245422.1|/22952415
* Block 124 <--- 124	USER>>seq126	  116   gi|495866876|ref|WP_008591455.1|/17291844
* Block 125 <=== 146	USER>>seq148	  122   gi|495666614|ref|WP_008391193.1|/9471068
* Block 126 <=== 147	USER>>seq149	  122   gi|545412721|ref|WP_021651766.1|/9471068
* Block 127 <=== 142	USER>>seq144	  124   gi|492543757|ref|WP_005880118.1|/9451068
* Block 128 <=== 143	USER>>seq145	  125   gi|545588531|ref|WP_021717293.1|/9441068
* Block 129 <=== 126	USER>>seq128	  128   gi|527033513|ref|WP_020881270.1|/9021029
* Block 130 <=== 129	USER>>seq131	  123   gi|496165721|ref|WP_008890228.1|/9461068
* Block 131 <=== 138	USER>>seq140	  122   gi|546962183|ref|WP_021906605.1|/9471068
* Block 132 <=== 125	USER>>seq127	  125   gi|490172008|ref|WP_004070647.1|/13691493
* Block 133 <--- 127	USER>>seq129	  118   gi|545123236|ref|WP_021484709.1|/9511068
* Block 134 <--- 128	USER>>seq130	  120   gi|496676389|ref|WP_009318879.1|/9491068
* Block 135 <=== 181	USER>>seq183	  119   gi|654982890|ref|WP_028432407.1|/17651883
* Block 136 <=== 166	USER>>seq168	  123   gi|494072149|ref|WP_007014206.1|/9071029
* Block 137 <=== 144	USER>>seq146	  123   gi|496438804|ref|WP_009147649.1|/9461068
* Block 138 <=== 163	USER>>seq165	  122   gi|499262951|ref|WP_010960491.1|/9081029
* Block 139 <=== 148	USER>>seq150	  122   gi|490878897|ref|WP_004740891.1|/9471068
* Block 140 <=== 161	USER>>seq163	  126   gi|497864643|ref|WP_010178799.1|/9041029
* Block 141 <=== 139	USER>>seq141	  119   gi|497411957|ref|WP_009726155.1|/9501068
* Block 142 <=== 130	USER>>seq132	  116   gi|494243653|ref|WP_007144428.1|/9531068
* Block 143 <=== 145	USER>>seq147	  117   gi|494267099|ref|WP_007154681.1|/9521068
* Block 144 <=== 162	USER>>seq164	  116   gi|552325203|ref|WP_022990479.1|/9531068
* Block 145 <=== 176	USER>>seq178	  121   gi|639484827|ref|WP_024657177.1|/9481068
* Block 146 <=== 177	USER>>seq179	  121   gi|637101192|ref|WP_024420930.1|/9481068
* Block 147 <=== 170	USER>>seq172	  121   gi|639518482|ref|WP_024679367.1|/9481068
* Block 148 <=== 174	USER>>seq176	  121   gi|639523159|ref|WP_024680834.1|/9481068
* Block 149 <=== 134	USER>>seq136	  121   gi|492156050|ref|WP_005765685.1|/9481068
* Block 150 <=== 133	USER>>seq135	  121   gi|497892215|ref|WP_010206371.1|/9481068
* Block 151 <=== 172	USER>>seq174	  121   gi|639496444|ref|WP_024667162.1|/9481068
* Block 152 <=== 178	USER>>seq180	  123   gi|639491818|ref|WP_024663144.1|/9461068
* Block 153 <=== 180	USER>>seq182	  123   gi|639464967|ref|WP_024640688.1|/9461068
* Block 154 <=== 173	USER>>seq175	  123   gi|639475740|ref|WP_024649059.1|/9461068
* Block 155 <=== 179	USER>>seq181	  123   gi|639534406|ref|WP_024684211.1|/9461068
* Block 156 <=== 175	USER>>seq177	  123   gi|639545465|ref|WP_024693497.1|/9461068
* Block 157 <=== 140	USER>>seq142	  123   gi|492049339|ref|WP_005732558.1|/9461068
* Block 158 <=== 171	USER>>seq173	  123   gi|639471301|ref|WP_024644900.1|/9461068
* Block 159 <=== 135	USER>>seq137	  123   gi|494460312|ref|WP_007249903.1|/9461068
* Block 160 <=== 131	USER>>seq133	  121   gi|490531602|ref|WP_004396775.1|/9481068
* Block 161 <--- 132	USER>>seq134	  123   gi|492279209|ref|WP_005797221.1|/9461068
* Block 162 <=== 136	USER>>seq138	  122   gi|493564443|ref|WP_006517810.1|/16841805
* Block 163 <=== 155	USER>>seq157	  119   gi|493565669|ref|WP_006519011.1|/9111029
* Block 164 <--- 137	USER>>seq139	  119   gi|491617115|ref|WP_005474670.1|/13361454
* Block 165 <--- 141	USER>>seq143	  115   gi|493778066|ref|WP_006726511.1|/9541068
* Block 166 <=== 165	USER>>seq167	  112   gi|551163668|ref|WP_022816485.1|/9571068
* Block 167 <=== 149	USER>>seq151	  121   gi|551076438|ref|WP_022802204.1|/13731493
* Block 168 <=== 150	USER>>seq152	  115   gi|495132245|ref|WP_007857056.1|/9541068
* Block 169 <--- 152	USER>>seq154	  120   gi|495091077|ref|WP_007815900.1|/9101029
* Block 170 <--- 153	USER>>seq155	  118   gi|498353836|ref|WP_010667992.1|/9121029
* Block 171 <--- 154	USER>>seq156	  118   gi|546229503|ref|WP_021833622.1|/9121029
* Block 172 <=== 156	USER>>seq158	  120   gi|496422065|ref|WP_009130912.1|/9101029
* Block 173 <=== 157	USER>>seq159	  120   gi|496427675|ref|WP_009136522.1|/9101029
* Block 174 <=== 158	USER>>seq160	  120   gi|547317399|ref|WP_022048908.1|/9101029
* Block 175 <--- 159	USER>>seq161	  122   gi|494953302|ref|WP_007679330.1|/9081029
* Block 176 <--- 160	USER>>seq162	  121   gi|497362108|ref|WP_009676321.1|/9091029
* Block 177 <--- 164	USER>>seq166	  107   gi|544635063|ref|WP_021070757.1|/9231029
* Block 178 <--- 167	USER>>seq169	  117   gi|551339054|ref|WP_022958474.1|/9131029
* Block 179 <--- 168	USER>>seq170	  127   gi|146161343|ref|XP_001471091.1|/10991225
* Block 180 <--- 169	USER>>seq171	  119   gi|655210823|ref|WP_028630919.1|/17651883
* Block 181 <--- 182	USER>>seq184	  125   gi|367001586|ref|XP_003685528.1|/10011125
* Block 182 <--- 183	USER>>seq185	  109   gi|636788345|ref|WP_024324481.1|/9211029
* Block 183 <=== 184	USER>>seq186	  123   gi|648201021|ref|WP_025990828.1|/9461068
* Block 184 <=== 186	USER>>seq188	  123   gi|648483141|ref|WP_026174892.1|/9461068
* Block 185 <=== 187	USER>>seq189	  123   gi|640746242|ref|WP_025168031.1|/9461068
* Block 186 <=== 188	USER>>seq190	  123   gi|640577707|ref|WP_025007986.1|/9461068
* Block 187 <=== 185	USER>>seq187	  122   gi|648409291|ref|WP_026101042.1|/13331454
* Block 188 <=== 219	USER>>seq223	  122   gi|521993413|ref|WP_020504684.1|/18231944
* Block 189 <=== 218	USER>>seq222	  120   gi|517780793|ref|WP_018951001.1|/17861905
* Block 190 <=== 231	USER>>seq235	  118   gi|518675801|ref|WP_019837494.1|/13981515
* Block 191 <=== 237	USER>>seq241	  120   gi|691116579|ref|WP_032036911.1|/13741493
* Block 192 <=== 238	USER>>seq242	  120   gi|691061986|ref|WP_032005443.1|/13741493
* Block 193 <=== 239	USER>>seq243	  120   gi|691062539|ref|WP_032005989.1|/13741493
* Block 194 <=== 240	USER>>seq244	  120   gi|691143510|ref|WP_032056674.1|/13741493
* Block 195 <=== 241	USER>>seq245	  120   gi|691164263|ref|WP_032070562.1|/13741493
* Block 196 <=== 242	USER>>seq246	  120   gi|691150377|ref|WP_032062555.1|/13741493
* Block 197 <=== 199	USER>>seq202	  121   gi|657841705|ref|WP_029556804.1|/9481068
* Block 198 <=== 236	USER>>seq240	  114   gi|489668456|ref|WP_003572727.1|/18311944
* Block 199 <=== 189	USER>>seq191	  121   gi|653264401|ref|WP_027462531.1|/13731493
* Block 200 <=== 196	USER>>seq199	  123   gi|654859853|ref|WP_028312178.1|/9461068
* Block 201 <=== 208	USER>>seq212	  124   gi|654997780|ref|WP_028446992.1|/9061029
* Block 202 <--- 190	USER>>seq192	  118   gi|503099430|ref|WP_013334228.1|/14761593
* Block 203 <--- 191	USER>>seq193	  112   gi|559198164|ref|WP_023574660.1|/19142025
* Block 204 <--- 192	USER>>seq195	  111   gi|648481721|ref|WP_026173472.1|/9191029
* Block 205 <=== 193	USER>>seq196	  118   gi|640367306|ref|WP_024879718.1|/9121029
* Block 206 <=== 202	USER>>seq206	  118   gi|651603589|ref|WP_026598477.1|/9121029
* Block 207 <--- 194	USER>>seq197	  137   gi|645230983|ref|XP_008222182.1|/8931029
* Block 208 <=== 234	USER>>seq238	  119   gi|517042031|ref|WP_018230849.1|/10461164
* Block 209 <=== 229	USER>>seq233	  121   gi|515526623|ref|WP_016959870.1|/10441164
* Block 210 <=== 230	USER>>seq234	  121   gi|515574352|ref|WP_017007132.1|/10441164
* Block 211 <=== 206	USER>>seq210	  116   gi|659886890|ref|WP_029933575.1|/13001415
* Block 212 <=== 195	USER>>seq198	  124   gi|651605502|ref|WP_026600388.1|/9451068
* Block 213 <=== 232	USER>>seq236	  132   gi|516315553|ref|WP_017712247.1|/10331164
* Block 214 <=== 233	USER>>seq237	  124   gi|506254050|ref|WP_015773825.1|/10021125
* Block 215 <=== 205	USER>>seq209	  123   gi|653213236|ref|WP_027425929.1|/12931415
* Block 216 <=== 222	USER>>seq226	  120   gi|501371938|ref|WP_012403504.1|/10451164
* Block 217 <=== 223	USER>>seq227	  121   gi|500269600|ref|WP_011920484.1|/10441164
* Block 218 <=== 224	USER>>seq228	  122   gi|504664196|ref|WP_014851298.1|/10431164
* Block 219 <=== 235	USER>>seq239	  121   gi|518482556|ref|WP_019652763.1|/10441164
* Block 220 <=== 197	USER>>seq200	  123   gi|652768347|ref|WP_027081594.1|/16831805
* Block 221 <=== 201	USER>>seq204	  121   gi|515857836|ref|WP_017288464.1|/18241944
* Block 222 <=== 203	USER>>seq207	  119   gi|663276130|ref|WP_030289358.1|/16871805
* Block 223 <=== 204	USER>>seq208	  119   gi|664401158|ref|WP_030927044.1|/16871805
* Block 224 <--- 198	USER>>seq201	  109   gi|655099570|ref|WP_028547348.1|/9601068
* Block 225 <--- 200	USER>>seq203	  114   gi|502873427|ref|WP_013108403.1|/14411554
* Block 226 <--- 207	USER>>seq211	  107   gi|657038658|ref|WP_029281740.1|/9231029
* Block 227 <=== 210	USER>>seq214	  115   gi|500951540|ref|WP_012030146.1|/10501164
* Block 228 <=== 209	USER>>seq213	  120   gi|501557375|ref|WP_012561876.1|/10451164
* Block 229 <=== 211	USER>>seq215	  117   gi|504097100|ref|WP_014331094.1|/10481164
* Block 230 <=== 212	USER>>seq216	  115   gi|504306848|ref|WP_014493950.1|/10501164
* Block 231 <=== 227	USER>>seq231	  115   gi|517128533|ref|WP_018317351.1|/10501164
* Block 232 <--- 213	USER>>seq217	  117   gi|504251981|ref|WP_014439083.1|/10481164
* Block 233 <--- 214	USER>>seq218	  119   gi|516259301|ref|WP_017663264.1|/17871905
* Block 234 <--- 215	USER>>seq219	  120   gi|505001346|ref|WP_015188448.1|/10451164
* Block 235 <--- 216	USER>>seq220	  116   gi|515887232|ref|WP_017317815.1|/17901905
* Block 236 <--- 217	USER>>seq221	  123   gi|503411765|ref|WP_013646426.1|/13931515
* Block 237 <--- 220	USER>>seq224	  120   gi|501116580|ref|WP_012165866.1|/10451164
* Block 238 <--- 221	USER>>seq225	  105   gi|501194720|ref|WP_012237738.1|/14111515
* Block 239 <--- 225	USER>>seq229	  123   gi|505215708|ref|WP_015402810.1|/10421164
* Block 240 <--- 226	USER>>seq230	  115   gi|665859937|ref|WP_031227144.1|/9151029
* Block 241 <--- 228	USER>>seq232	  122   gi|504372258|ref|WP_014559360.1|/10041125
* Block 242 <--- 243	USER>>seq247	  119   gi|495149998|ref|WP_007874804.1|/14751593
* Block 243 <--- 244	USER>>seq248	  115   gi|515522704|ref|WP_016955958.1|/10111125
* Block 244 <=== 297	USER>>seq302	  123   gi|652933177|ref|WP_027186854.1|/10031125
* Block 245 <=== 269	USER>>seq273	  119   gi|494102002|ref|WP_007042794.1|/10071125
* Block 246 <=== 245	USER>>seq249	  135   gi|527025629|ref|WP_020877359.1|/10301164
* Block 247 <=== 260	USER>>seq264	  119   gi|495339088|ref|WP_008063822.1|/10461164
* Block 248 <=== 271	USER>>seq275	  124   gi|496441417|ref|WP_009150262.1|/10021125
* Block 249 <=== 288	USER>>seq292	  115   gi|653482753|ref|WP_027552710.1|/10501164
* Block 250 <=== 246	USER>>seq250	  120   gi|488804963|ref|WP_002717369.1|/10451164
* Block 251 <=== 280	USER>>seq284	  118   gi|646812722|ref|WP_025590748.1|/10471164
* Block 252 <=== 249	USER>>seq253	  115   gi|493662843|ref|WP_006614132.1|/10501164
* Block 253 <=== 251	USER>>seq255	  115   gi|496248192|ref|WP_008961577.1|/10501164
* Block 254 <--- 247	USER>>seq251	  120   gi|522819194|ref|WP_020732737.1|/10061125
* Block 255 <=== 248	USER>>seq252	  121   gi|495185658|ref|WP_007910448.1|/14341554
* Block 256 <=== 268	USER>>seq272	  118   gi|639512003|ref|WP_024676885.1|/18661983
* Block 257 <=== 252	USER>>seq256	  122   gi|494878460|ref|WP_007604549.1|/10431164
* Block 258 <=== 250	USER>>seq254	  117   gi|499969665|ref|WP_011650383.1|/10481164
* Block 259 <=== 287	USER>>seq291	  117   gi|655332184|ref|WP_028740392.1|/10481164
* Block 260 <=== 290	USER>>seq294	  118   gi|657851066|ref|WP_029561259.1|/10471164
* Block 261 <=== 291	USER>>seq295	  116   gi|655456754|ref|WP_028839835.1|/10491164
* Block 262 <=== 253	USER>>seq257	  114   gi|498030006|ref|WP_010344162.1|/10511164
* Block 263 <--- 254	USER>>seq258	  121   gi|547644004|ref|WP_022120836.1|/10441164
* Block 264 <--- 255	USER>>seq259	  116   gi|499452072|ref|WP_011139536.1|/10491164
* Block 265 <=== 296	USER>>seq300	  123   gi|500937395|ref|WP_012026167.1|/11421264
* Block 266 <=== 303	USER>>seq308	  119   gi|500027247|ref|WP_011707965.1|/11071225
* Block 267 <=== 256	USER>>seq260	  119   gi|495931403|ref|WP_008655982.1|/10461164
* Block 268 <--- 257	USER>>seq261	  120   gi|498163330|ref|WP_010477486.1|/10451164
* Block 269 <--- 258	USER>>seq262	  121   gi|497465553|ref|WP_009779751.1|/10441164
* Block 270 <--- 259	USER>>seq263	  127   gi|493777308|ref|WP_006725762.1|/10381164
* Block 271 <=== 292	USER>>seq296	  121   gi|653246963|ref|WP_027452465.1|/10441164
* Block 272 <=== 293	USER>>seq297	  121   gi|653246909|ref|WP_027452413.1|/10441164
* Block 273 <=== 263	USER>>seq267	  122   gi|545131750|ref|WP_021493129.1|/10431164
* Block 274 <=== 264	USER>>seq268	  122   gi|497896241|ref|WP_010210397.1|/10431164
* Block 275 <=== 261	USER>>seq265	  122   gi|498248672|ref|WP_010562828.1|/10431164
* Block 276 <=== 262	USER>>seq266	  122   gi|494462256|ref|WP_007251812.1|/10431164
* Block 277 <=== 266	USER>>seq270	  124   gi|493508457|ref|WP_006462837.1|/10411164
* Block 278 <=== 265	USER>>seq269	  124   gi|489256315|ref|WP_003164255.1|/10021125
* Block 279 <=== 305	USER>>seq310	  118   gi|500923779|ref|WP_012019599.1|/11081225
* Block 280 <--- 267	USER>>seq271	  117   gi|497905010|ref|WP_010219166.1|/10091125
* Block 281 <=== 270	USER>>seq274	  119   gi|497469240|ref|WP_009783438.1|/10071125
* Block 282 <=== 274	USER>>seq278	  119   gi|553732292|ref|WP_023066956.1|/10071125
* Block 283 <--- 272	USER>>seq276	  124   gi|499607748|ref|WP_011288482.1|/10021125
* Block 284 <--- 273	USER>>seq277	  136   gi|573985397|ref|XP_006670619.1|/14191554
* Block 285 <--- 275	USER>>seq279	  124   gi|615465022|ref|XP_007599157.1|/10021125
* Block 286 <=== 282	USER>>seq286	  120   gi|639845393|ref|WP_024749951.1|/10061125
* Block 287 <=== 276	USER>>seq280	  115   gi|647190505|ref|WP_025662630.1|/18301944
* Block 288 <=== 277	USER>>seq281	  114   gi|654685251|ref|WP_028144047.1|/18311944
* Block 289 <=== 278	USER>>seq282	  114   gi|653451012|ref|WP_027539653.1|/18311944
* Block 290 <--- 279	USER>>seq283	  114   gi|505029057|ref|WP_015216159.1|/15801693
* Block 291 <--- 281	USER>>seq285	  122   gi|597905024|ref|XP_007299811.1|/13941515
* Block 292 <--- 283	USER>>seq287	  120   gi|504934573|ref|WP_015121675.1|/15351654
* Block 293 <--- 284	USER>>seq288	  120   gi|6573354|pdb|1DBW|A/2121
* Block 294 <--- 285	USER>>seq289	  111   gi|651359387|ref|WP_026471749.1|/10541164
* Block 295 <--- 286	USER>>seq290	  122   gi|663319458|ref|WP_030319326.1|/14331554
* Block 296 <--- 289	USER>>seq293	  117   gi|654702416|ref|WP_028160527.1|/10481164
* Block 297 <=== 294	USER>>seq298	  125   gi|599366041|ref|XP_007406027.1|/10011125
* Block 298 <=== 298	USER>>seq303	  121   gi|657762966|ref|WP_029531449.1|/10051125
* Block 299 <--- 295	USER>>seq299	  115   gi|652420627|ref|WP_026816073.1|/14011515
* Block 300 <--- 299	USER>>seq304	  114   gi|501375597|ref|WP_012407163.1|/11121225
* Block 301 <--- 300	USER>>seq305	  115   gi|503760762|ref|WP_013994838.1|/11111225
* Block 302 <--- 301	USER>>seq306	  122   gi|519055568|ref|WP_020211443.1|/11431264
* Block 303 <--- 302	USER>>seq307	  123   gi|503528742|ref|WP_013762874.1|/11031225
* Block 304 <--- 304	USER>>seq309	  115   gi|504408892|ref|WP_014595994.1|/11111225
* Block 305 <--- 306	USER>>seq311	  122   gi|505033657|ref|WP_015220759.1|/11041225
* Block 306 <=== 311	USER>>seq316	  124   gi|118397834|ref|XP_001031248.1|/13411464
* Block 307 <=== 364	USER>>seq369	  122   gi|589103139|ref|XP_006963592.1|/11041225
* Block 308 <=== 307	USER>>seq312	  118   gi|503482366|ref|WP_013717027.1|/11081225
* Block 309 <=== 315	USER>>seq320	  121   gi|518264863|ref|WP_019435071.1|/11051225
* Block 310 <=== 324	USER>>seq329	  119   gi|495085014|ref|WP_007809838.1|/11461264
* Block 311 <--- 308	USER>>seq313	  115   gi|504769869|ref|WP_014956971.1|/11111225
* Block 312 <=== 312	USER>>seq317	  120   gi|490790205|ref|WP_004652352.1|/15741693
* Block 313 <=== 313	USER>>seq318	  120   gi|491464809|ref|WP_005322578.1|/15741693
* Block 314 <=== 314	USER>>seq319	  120   gi|491348125|ref|WP_005206061.1|/15741693
* Block 315 <=== 309	USER>>seq314	  122   gi|504985603|ref|WP_015172705.1|/25332654
* Block 316 <=== 316	USER>>seq321	  123   gi|518338720|ref|WP_019508927.1|/11031225
* Block 317 <--- 310	USER>>seq315	  122   gi|118388886|ref|XP_001027538.1|/9571078
* Block 318 <=== 317	USER>>seq322	  116   gi|6730309|pdb|1DC8|A/6121
* Block 319 <=== 318	USER>>seq323	  116   gi|6730308|pdb|1DC7|A/6121
* Block 320 <--- 319	USER>>seq324	  118   gi|497821097|ref|WP_010135253.1|/11471264
* Block 321 <=== 321	USER>>seq326	  120   gi|496421452|ref|WP_009130299.1|/11451264
* Block 322 <=== 343	USER>>seq348	  123   gi|547800318|ref|WP_022209963.1|/11031225
* Block 323 <=== 341	USER>>seq346	  123   gi|494413371|ref|WP_007217500.1|/11031225
* Block 324 <=== 325	USER>>seq330	  121   gi|548170787|ref|WP_022392507.1|/11051225
* Block 325 <=== 352	USER>>seq357	  121   gi|547230396|ref|WP_021967165.1|/11051225
* Block 326 <=== 350	USER>>seq355	  120   gi|492406230|ref|WP_005834426.1|/11061225
* Block 327 <=== 349	USER>>seq354	  123   gi|490430518|ref|WP_004302647.1|/11031225
* Block 328 <=== 348	USER>>seq353	  123   gi|490453155|ref|WP_004323999.1|/11031225
* Block 329 <=== 347	USER>>seq352	  123   gi|496289130|ref|WP_009001168.1|/11031225
* Block 330 <=== 327	USER>>seq332	  119   gi|496574258|ref|WP_009275376.1|/11071225
* Block 331 <=== 331	USER>>seq336	  119   gi|492479576|ref|WP_005859515.1|/11071225
* Block 332 <=== 330	USER>>seq335	  119   gi|496054686|ref|WP_008779193.1|/11071225
* Block 333 <=== 329	USER>>seq334	  119   gi|492502103|ref|WP_005867519.1|/11071225
* Block 334 <=== 339	USER>>seq344	  119   gi|496307702|ref|WP_009016880.1|/11071225
* Block 335 <=== 338	USER>>seq343	  119   gi|496048308|ref|WP_008772815.1|/11071225
* Block 336 <=== 360	USER>>seq365	  118   gi|551196112|ref|WP_022824188.1|/11081225
* Block 337 <=== 320	USER>>seq325	  120   gi|547845901|ref|WP_022253195.1|/11451264
* Block 338 <=== 362	USER>>seq367	  117   gi|648616937|ref|WP_026308688.1|/11481264
* Block 339 <=== 346	USER>>seq351	  121   gi|547188866|ref|WP_021930669.1|/11051225
* Block 340 <=== 345	USER>>seq350	  120   gi|498203291|ref|WP_010517447.1|/11061225
* Block 341 <=== 355	USER>>seq360	  122   gi|493854371|ref|WP_006801265.1|/11041225
* Block 342 <=== 333	USER>>seq338	  120   gi|496048607|ref|WP_008773114.1|/11061225
* Block 343 <=== 344	USER>>seq349	  122   gi|495033474|ref|WP_007759012.1|/11041225
* Block 344 <=== 340	USER>>seq345	  120   gi|547868732|ref|WP_022274982.1|/11061225
* Block 345 <=== 342	USER>>seq347	  120   gi|495028671|ref|WP_007754232.1|/11061225
* Block 346 <=== 328	USER>>seq333	  120   gi|496046364|ref|WP_008770871.1|/11061225
* Block 347 <=== 332	USER>>seq337	  120   gi|496331769|ref|WP_009040947.1|/11061225
* Block 348 <=== 334	USER>>seq339	  120   gi|490448758|ref|WP_004319652.1|/11061225
* Block 349 <=== 335	USER>>seq340	  120   gi|495918596|ref|WP_008643175.1|/11061225
* Block 350 <=== 336	USER>>seq341	  120   gi|490439192|ref|WP_004310204.1|/11061225
* Block 351 <=== 337	USER>>seq342	  120   gi|490434800|ref|WP_004305862.1|/11061225
* Block 352 <--- 322	USER>>seq327	  115   gi|489396227|ref|WP_003302723.1|/11111225
* Block 353 <=== 323	USER>>seq328	  126   gi|491634681|ref|WP_005492213.1|/11391264
* Block 354 <=== 358	USER>>seq363	  120   gi|499605043|ref|WP_011285777.1|/11061225
* Block 355 <=== 351	USER>>seq356	  119   gi|493040741|ref|WP_006106278.1|/11071225
* Block 356 <--- 326	USER>>seq331	  122   gi|547709129|ref|WP_022128806.1|/11041225
* Block 357 <--- 353	USER>>seq358	  120   gi|491487637|ref|WP_005345378.1|/11061225
* Block 358 <--- 354	USER>>seq359	  122   gi|546360946|ref|WP_021847907.1|/11041225
* Block 359 <--- 356	USER>>seq361	  119   gi|494102409|ref|WP_007043198.1|/11071225
* Block 360 <--- 357	USER>>seq362	  120   gi|498245622|ref|WP_010559778.1|/11061225
* Block 361 <--- 359	USER>>seq364	  118   gi|628298973|ref|XP_007758999.1|/15371654
* Block 362 <--- 361	USER>>seq366	  125   gi|156845690|ref|XP_001645735.1|/9151039
* Block 363 <--- 363	USER>>seq368	  137   gi|636765385|ref|XP_008084866.1|/10891225
* Block 364 <=== 365	USER>>seq370	  126   gi|648449205|ref|WP_026140956.1|/11391264
* Block 365 <=== 366	USER>>seq371	  126   gi|648450058|ref|WP_026141809.1|/11391264
* Block 366 <=== 373	USER>>seq378	  126   gi|657063481|ref|WP_029305801.1|/11391264
* Block 367 <=== 367	USER>>seq372	  126   gi|648449870|ref|WP_026141621.1|/11391264
* Block 368 <=== 368	USER>>seq373	  126   gi|648449733|ref|WP_026141484.1|/11391264
* Block 369 <=== 369	USER>>seq374	  118   gi|636742027|ref|WP_024309447.1|/11081225
* Block 370 <=== 381	USER>>seq386	  120   gi|651850116|ref|WP_026635597.1|/11061225
* Block 371 <=== 424	USER>>seq431	  119   gi|663201957|ref|WP_030239792.1|/12461364
* Block 372 <=== 370	USER>>seq375	  120   gi|502799259|ref|WP_013034235.1|/16351754
* Block 373 <=== 391	USER>>seq396	  119   gi|496217126|ref|WP_008931368.1|/16751793
* Block 374 <=== 411	USER>>seq416	  120   gi|501380632|ref|WP_012412198.1|/17351854
* Block 375 <=== 422	USER>>seq428	  117   gi|505004864|ref|WP_015191966.1|/9621078
* Block 376 <--- 371	USER>>seq376	  102   gi|241957139|ref|XP_002421289.1|/17141815
* Block 377 <=== 399	USER>>seq404	  123   gi|495131215|ref|WP_007856026.1|/12031325
* Block 378 <=== 400	USER>>seq405	  123   gi|495115783|ref|WP_007840600.1|/12031325
* Block 379 <=== 401	USER>>seq406	  123   gi|492452962|ref|WP_005849166.1|/12031325
* Block 380 <=== 402	USER>>seq407	  123   gi|495945071|ref|WP_008669650.1|/12031325
* Block 381 <=== 382	USER>>seq387	  123   gi|500648223|ref|WP_011965351.1|/12031325
* Block 382 <=== 390	USER>>seq395	  123   gi|511016599|ref|WP_016270966.1|/12031325
* Block 383 <=== 389	USER>>seq394	  121   gi|511023406|ref|WP_016277712.1|/12051325
* Block 384 <=== 415	USER>>seq420	  121   gi|640655675|ref|WP_025081731.1|/12051325
* Block 385 <=== 414	USER>>seq419	  121   gi|640650020|ref|WP_025076654.1|/12051325
* Block 386 <=== 383	USER>>seq388	  121   gi|503383142|ref|WP_013617803.1|/12051325
* Block 387 <=== 403	USER>>seq408	  119   gi|496051194|ref|WP_008775701.1|/12071325
* Block 388 <=== 404	USER>>seq409	  119   gi|490455138|ref|WP_004325948.1|/12071325
* Block 389 <=== 384	USER>>seq389	  119   gi|505343988|ref|WP_015531090.1|/12071325
* Block 390 <=== 372	USER>>seq377	  122   gi|647527754|ref|WP_025819168.1|/11041225
* Block 391 <=== 376	USER>>seq381	  122   gi|653275845|ref|WP_027473779.1|/11041225
* Block 392 <=== 392	USER>>seq397	  117   gi|670495647|ref|WP_031443608.1|/11091225
* Block 393 <=== 393	USER>>seq398	  119   gi|671552673|ref|WP_031535313.1|/11071225
* Block 394 <=== 405	USER>>seq410	  125   gi|548219166|ref|WP_022438346.1|/12011325
* Block 395 <=== 406	USER>>seq411	  119   gi|551032610|ref|WP_022776567.1|/15971715
* Block 396 <=== 396	USER>>seq401	  119   gi|545478375|ref|WP_021714484.1|/12461364
* Block 397 <=== 408	USER>>seq413	  150   gi|357117236|ref|XP_003560378.1|/9291078
* Block 398 <=== 374	USER>>seq379	  124   gi|503876132|ref|WP_014110126.1|/12411364
* Block 399 <=== 397	USER>>seq402	  141   gi|694377848|ref|XP_009365200.1|/10851225
* Block 400 <--- 375	USER>>seq380	  122   gi|664102462|ref|WP_030639974.1|/14941615
* Block 401 <=== 378	USER>>seq383	  118   gi|655077113|ref|WP_028525246.1|/11081225
* Block 402 <=== 379	USER>>seq384	  117   gi|655078859|ref|WP_028526984.1|/11091225
* Block 403 <=== 377	USER>>seq382	  123   gi|657045620|ref|WP_029288515.1|/11031225
* Block 404 <--- 380	USER>>seq385	  122   gi|652509899|ref|WP_026904186.1|/11041225
* Block 405 <--- 385	USER>>seq390	  123   gi|518338720|ref|WP_019508927.1|/12421364
* Block 406 <--- 386	USER>>seq391	  123   gi|503694881|ref|WP_013928957.1|/12031325
* Block 407 <--- 387	USER>>seq392	  143   gi|302811550|ref|XP_002987464.1|/8971039
* Block 408 <--- 388	USER>>seq393	  131   gi|241951126|ref|XP_002418285.1|/23342464
* Block 409 <--- 394	USER>>seq399	  127   gi|121705968|ref|XP_001271247.1|/17891915
* Block 410 <--- 395	USER>>seq400	  131   gi|685410031|ref|XP_009223873.1|/11341264
* Block 411 <--- 398	USER>>seq403	  118   gi|557304382|ref|WP_023381006.1|/12471364
* Block 412 <--- 407	USER>>seq412	  124   gi|496700070|ref|WP_009341613.1|/12021325
* Block 413 <--- 409	USER>>seq414	  112   gi|653046258|ref|WP_027297858.1|/16821793
* Block 414 <--- 410	USER>>seq415	  118   gi|9954994|pdb|1QKK|A/4121
* Block 415 <=== 412	USER>>seq417	  135   gi|449505124|ref|XP_004162383.1|/9441078
* Block 416 <=== 413	USER>>seq418	  135   gi|449444494|ref|XP_004140009.1|/9441078
* Block 417 <--- 416	USER>>seq421	  118   gi|503033644|ref|WP_013268620.1|/9611078
* Block 418 <=== 427	USER>>seq434	  115   gi|504409163|ref|WP_014596265.1|/9251039
* Block 419 <=== 417	USER>>seq422	  115   gi|446293704|ref|WP_000371559.1|/9251039
* Block 420 <=== 418	USER>>seq423	  115   gi|447036231|ref|WP_001113487.1|/9251039
* Block 421 <=== 425	USER>>seq432	  115   gi|501257626|ref|WP_012300644.1|/9251039
* Block 422 <--- 419	USER>>seq424	  121   gi|501378355|ref|WP_012409921.1|/13441464
* Block 423 <--- 420	USER>>seq425	  124   gi|505184670|ref|WP_015371772.1|/9551078
* Block 424 <--- 421	USER>>seq426	  122   gi|501377106|ref|WP_012408672.1|/9571078
* Block 425 <--- 423	USER>>seq430	  130   gi|667648607|ref|XP_008596135.1|/12351364
* Block 426 <--- 426	USER>>seq433	  115   gi|503416509|ref|WP_013651170.1|/9251039
* Block 427 <--- 428	USER>>seq435	  120   gi|518335138|ref|WP_019505345.1|/9591078
* Block 428 <=== 464	USER>>seq472	  115   gi|488043008|ref|WP_002114405.1|/9251039
* Block 429 <=== 429	USER>>seq436	  115   gi|504632743|ref|WP_014819845.1|/9251039
* Block 430 <=== 452	USER>>seq459	  115   gi|515813861|ref|WP_017244614.1|/9251039
* Block 431 <--- 430	USER>>seq437	  119   gi|500263699|ref|WP_011914583.1|/13071425
* Block 432 <=== 431	USER>>seq438	  120   gi|515363956|ref|WP_016868864.1|/9591078
* Block 433 <=== 468	USER>>seq476	  120   gi|493502481|ref|WP_006456974.1|/9591078
* Block 434 <=== 448	USER>>seq455	  118   gi|504935859|ref|WP_015122961.1|/9221039
* Block 435 <=== 453	USER>>seq460	  115   gi|515631820|ref|WP_017064420.1|/13111425
* Block 436 <=== 445	USER>>seq452	  117   gi|518420551|ref|WP_019590758.1|/13481464
* Block 437 <=== 446	USER>>seq453	  117   gi|517851114|ref|WP_019021322.1|/13481464
* Block 438 <=== 437	USER>>seq444	  119   gi|515597487|ref|WP_017030092.1|/9601078
* Block 439 <=== 432	USER>>seq439	  124   gi|503145144|ref|WP_013379805.1|/13021425
* Block 440 <=== 487	USER>>seq495	  123   gi|499123437|ref|WP_010852358.1|/13421464
* Block 441 <=== 488	USER>>seq496	  121   gi|491171241|ref|WP_005029608.1|/9581078
* Block 442 <=== 489	USER>>seq497	  121   gi|496838285|ref|WP_009380956.1|/9581078
* Block 443 <=== 441	USER>>seq448	  120   gi|506253645|ref|WP_015773420.1|/9201039
* Block 444 <=== 459	USER>>seq466	  120   gi|489281867|ref|WP_003189492.1|/9591078
* Block 445 <=== 433	USER>>seq440	  126   gi|516411122|ref|WP_017800520.1|/9531078
* Block 446 <=== 438	USER>>seq445	  122   gi|519046687|ref|WP_020202562.1|/9571078
* Block 447 <=== 439	USER>>seq446	  116   gi|511291218|ref|WP_016351485.1|/9631078
* Block 448 <=== 434	USER>>seq441	  126   gi|515979946|ref|WP_017410529.1|/9531078
* Block 449 <=== 436	USER>>seq443	  126   gi|516376433|ref|WP_017766466.1|/9531078
* Block 450 <=== 484	USER>>seq492	  120   gi|491096915|ref|WP_004958517.1|/9591078
* Block 451 <=== 458	USER>>seq465	  124   gi|489325481|ref|WP_003232785.1|/9551078
* Block 452 <=== 461	USER>>seq468	  123   gi|489285805|ref|WP_003193392.1|/9561078
* Block 453 <=== 462	USER>>seq469	  122   gi|489546878|ref|WP_003451521.1|/9571078
* Block 454 <=== 435	USER>>seq442	  119   gi|489029586|ref|WP_002939981.1|/17751893
* Block 455 <=== 460	USER>>seq467	  120   gi|490465163|ref|WP_004335711.1|/17351854
* Block 456 <=== 491	USER>>seq500	  116   gi|504243290|ref|WP_014430392.1|/19202035=KEEP
* Block 457 <--- 440	USER>>seq447	  124   gi|502735597|ref|WP_012970581.1|/13021425
* Block 458 <--- 442	USER>>seq449	  120   gi|504924850|ref|WP_015111952.1|/9201039
* Block 459 <--- 443	USER>>seq450	  119   gi|504995771|ref|WP_015182873.1|/9211039
* Block 460 <--- 444	USER>>seq451	  124   gi|506286732|ref|WP_015806507.1|/9161039
* Block 461 <--- 447	USER>>seq454	  127   gi|503402006|ref|WP_013636667.1|/9131039
* Block 462 <--- 449	USER>>seq456	  126   gi|503868462|ref|WP_014102456.1|/9141039
* Block 463 <--- 450	USER>>seq457	  120   gi|504014708|ref|WP_014248702.1|/9201039
* Block 464 <--- 451	USER>>seq458	  119   gi|519049033|ref|WP_020204908.1|/9211039
* Block 465 <=== 454	USER>>seq461	  113   gi|518395533|ref|WP_019565740.1|/9271039
* Block 466 <=== 485	USER>>seq493	  113   gi|489612769|ref|WP_003517210.1|/9271039
* Block 467 <=== 455	USER>>seq462	  118   gi|517972428|ref|WP_019142636.1|/9221039
* Block 468 <=== 463	USER>>seq471	  120   gi|504310153|ref|WP_014497255.1|/19552074
* Block 469 <--- 456	USER>>seq463	  128   gi|118394460|ref|XP_001029600.1|/11471274
* Block 470 <--- 457	USER>>seq464	  121   gi|490139436|ref|WP_004039790.1|/17341854
* Block 471 <--- 465	USER>>seq473	  122   gi|495372912|ref|WP_008097624.1|/13431464
* Block 472 <=== 483	USER>>seq491	  121   gi|487831929|ref|WP_001905395.1|/9191039
* Block 473 <=== 469	USER>>seq477	  121   gi|487815121|ref|WP_001888587.1|/9191039
* Block 474 <=== 470	USER>>seq478	  121   gi|487823767|ref|WP_001897233.1|/9191039
* Block 475 <=== 471	USER>>seq479	  121   gi|487817963|ref|WP_001891429.1|/9191039
* Block 476 <=== 472	USER>>seq480	  121   gi|487971135|ref|WP_002044052.1|/9191039
* Block 477 <=== 473	USER>>seq481	  121   gi|487829565|ref|WP_001903031.1|/9191039
* Block 478 <=== 474	USER>>seq482	  121   gi|487949659|ref|WP_002023125.1|/9191039
* Block 479 <=== 475	USER>>seq483	  121   gi|487920613|ref|WP_001994079.1|/9191039
* Block 480 <=== 476	USER>>seq484	  121   gi|487822095|ref|WP_001895561.1|/9191039
* Block 481 <=== 477	USER>>seq485	  121   gi|487820785|ref|WP_001894251.1|/9191039
* Block 482 <=== 478	USER>>seq486	  121   gi|487921872|ref|WP_001995338.1|/9191039
* Block 483 <=== 479	USER>>seq487	  121   gi|487816120|ref|WP_001889586.1|/9191039
* Block 484 <=== 480	USER>>seq488	  121   gi|487861703|ref|WP_001935169.1|/9191039
* Block 485 <=== 481	USER>>seq489	  121   gi|487947575|ref|WP_002021041.1|/9191039
* Block 486 <=== 467	USER>>seq475	  121   gi|487854445|ref|WP_001927911.1|/9191039
* Block 487 <=== 466	USER>>seq474	  121   gi|487820185|ref|WP_001893651.1|/9191039
* Block 488 <--- 482	USER>>seq490	  114   gi|493527432|ref|WP_006481467.1|/13511464
* Block 489 <--- 486	USER>>seq494	  120   gi|488760599|ref|WP_002683812.1|/9201039
* Block 490 <--- 490	USER>>seq498	  105   gi|489070200|ref|WP_002980172.1|/9351039

('*' = keyed block)



PARAMETERS for next cycle
 mul_wt = 0 damp = 0 mat_wt = 5
 gap_pen = 20 span = 1 window = 2
 minscore = 980 pepscore = 0 list_limit = 8
 circles = 0 output = 999 outline = 80
score_pairs 

average score over cutoff = 1118

(128 pairs) cluster_pairs total list_alloc = 80
pack_lists 
update_blocks
      USER>>seq186
1074
      USER>>seq188
1150
      USER>>seq189


      USER>>seq122
1139
      USER>>seq123
1145
      USER>>seq124
1145
      USER>>seq66


      USER>>seq180
1103
      USER>>seq182
1110
      USER>>seq175
1145
      USER>>seq181
1142
      USER>>seq177
1036
      USER>>seq142


      USER>>seq178
1131
      USER>>seq179
1132
      USER>>seq172
1125
      USER>>seq176
1119
      USER>>seq136
1144
      USER>>seq135
1144
      USER>>seq174


      USER>>seq100
1143
      USER>>seq101
1138
      USER>>seq102


      USER>>seq77
1127
      USER>>seq76
1142
      USER>>seq78
1142
      USER>>seq65
1142
      USER>>seq121
1124
      USER>>seq120
1116
      USER>>seq115


      USER>>seq241
1142
      USER>>seq242
1135
      USER>>seq243
1128
      USER>>seq244
1140
      USER>>seq245
1140
      USER>>seq246


      USER>>seq347
1128
      USER>>seq333
1133
      USER>>seq337
1140
      USER>>seq339
1140
      USER>>seq340
1140
      USER>>seq341
1140
      USER>>seq342


      USER>>seq56
1105
      USER>>seq20
1137
      USER>>seq21
1137
      USER>>seq22


      USER>>seq423
1136
      USER>>seq432


      USER>>seq317
1130
      USER>>seq318
1135
      USER>>seq319


      USER>>seq267
1134
      USER>>seq268
1120
      USER>>seq265
1076
      USER>>seq266


      USER>>seq71
1123
      USER>>seq70
1134
      USER>>seq95
1123
      USER>>seq96
1126
      USER>>seq94


      USER>>seq43
1134
      USER>>seq42
1124
      USER>>seq41
1134
      USER>>seq40
1123
      USER>>seq39


      USER>>seq23
1125
      USER>>seq24
1123
      USER>>seq25
1133
      USER>>seq26
1133
      USER>>seq27
1128
      USER>>seq28
1134
      USER>>seq29
1134
      USER>>seq30


      USER>>seq349
1133
      USER>>seq345


      USER>>seq159
1133
      USER>>seq160


      USER>>seq196
1133
      USER>>seq206


      USER>>seq348
1132
      USER>>seq346


      USER>>seq332
1110
      USER>>seq336
1123
      USER>>seq335
1111
      USER>>seq334
1124
      USER>>seq344
1131
      USER>>seq343


      USER>>seq354
1130
      USER>>seq353
1125
      USER>>seq352


      USER>>seq404
1130
      USER>>seq405
1125
      USER>>seq406
1130
      USER>>seq407
1130
      USER>>seq387
1130
      USER>>seq395


      USER>>seq394
1130
      USER>>seq420
1130
      USER>>seq419


      USER>>seq417
1128
      USER>>seq418


      USER>>seq408
1127
      USER>>seq409
1128
      USER>>seq389


      USER>>seq496
1128
      USER>>seq497


      USER>>seq233
1123
      USER>>seq234


      USER>>seq8
1116
      USER>>seq9
1123
      USER>>seq10


      USER>>seq491
1117
      USER>>seq477
1122
      USER>>seq478
1122
      USER>>seq479
1122
      USER>>seq480
1122
      USER>>seq481


      USER>>seq482
1122
      USER>>seq483
1122
      USER>>seq484
1122
      USER>>seq485
1122
      USER>>seq486
1122
      USER>>seq487
1122
      USER>>seq488
1108
      USER>>seq489


      USER>>seq370
1120
      USER>>seq371
1104
      USER>>seq378
1098
      USER>>seq372
1115
      USER>>seq373


      USER>>seq322
1119
      USER>>seq323


      USER>>seq36
1119
      USER>>seq37


      USER>>seq461
1113
      USER>>seq493


      USER>>seq98
1111
      USER>>seq111


      USER>>seq475
1109
      USER>>seq474


      USER>>seq51
1109
      USER>>seq50


      USER>>seq253
1103
      USER>>seq255


      USER>>seq4
1103
      USER>>seq31


      USER>>seq436
1100
      USER>>seq459


      USER>>seq452
1100
      USER>>seq453


      USER>>seq207
1099
      USER>>seq208


      USER>>seq148
1090
      USER>>seq149


      USER>>seq44
1089
      USER>>seq45


      USER>>seq274
1083
      USER>>seq278


      USER>>seq6
1080
      USER>>seq14


      USER>>seq86
1076
      USER>>seq87


      USER>>seq173
1072
      USER>>seq137


      USER>>seq254
1070
      USER>>seq291


      USER>>seq441
1060
      USER>>seq443


      USER>>seq281
1041
      USER>>seq282


      USER>>seq216
1006
      USER>>seq231


370 groups ( 52 aligned )



PARAMETERS for next cycle
 mul_wt = 0 damp = 0 mat_wt = 5
 gap_pen = 20 span = 3 window = 4
 minscore = 940 pepscore = 0 list_limit = 4
 circles = 0 output = 999 outline = 80
score_pairs 

average score over cutoff = 1033

(17 pairs) cluster_pairs total list_alloc = 20
pack_lists 
update_blocks
     p- USER>>seq475
     b- USER>>seq474
1114
     p- USER>>seq491
     b- USER>>seq477
     b- USER>>seq478
     b- USER>>seq479
     b- USER>>seq480
     b- USER>>seq481
1119
     p- USER>>seq482
     b- USER>>seq483
     b- USER>>seq484
     b- USER>>seq485
     b- USER>>seq486
     b- USER>>seq487
     b- USER>>seq488
     b- USER>>seq489


     p- USER>>seq349
     b- USER>>seq345
1117
     p- USER>>seq347
     b- USER>>seq333
     b- USER>>seq337
     b- USER>>seq339
     b- USER>>seq340
     b- USER>>seq341
     b- USER>>seq342


     -- USER>>seq80
1001
     p- USER>>seq77
     b- USER>>seq76
     b- USER>>seq78
     b- USER>>seq65
     b- USER>>seq121
     b- USER>>seq120
     b- USER>>seq115
1115
     p- USER>>seq122
     b- USER>>seq123
     b- USER>>seq124
     b- USER>>seq66


     p- USER>>seq404
     b- USER>>seq405
     b- USER>>seq406
     b- USER>>seq407
     b- USER>>seq387
     b- USER>>seq395
1095
     p- USER>>seq394
     b- USER>>seq420
     b- USER>>seq419


     p- USER>>seq56
     b- USER>>seq20
     b- USER>>seq21
     b- USER>>seq22
1075
     p- USER>>seq23
     b- USER>>seq24
     b- USER>>seq25
     b- USER>>seq26
     b- USER>>seq27
     b- USER>>seq28
     b- USER>>seq29
     b- USER>>seq30


     p- USER>>seq178
     b- USER>>seq179
     b- USER>>seq172
     b- USER>>seq176
     b- USER>>seq136
     b- USER>>seq135
     b- USER>>seq174
1048
     p- USER>>seq180
     b- USER>>seq182
     b- USER>>seq175
     b- USER>>seq181
     b- USER>>seq177
     b- USER>>seq142


     -- USER>>seq442
1007
     -- USER>>seq467


     -- USER>>seq284
994
     p- USER>>seq253
     b- USER>>seq255


     p- USER>>seq43
     b- USER>>seq42
     b- USER>>seq41
     b- USER>>seq40
     b- USER>>seq39
976
     -- USER>>seq38


     p- USER>>seq36
     b- USER>>seq37
966
     -- USER>>seq1


     -- USER>>seq422
953
     p- USER>>seq423
     b- USER>>seq432


     -- USER>>seq32
952
     -- USER>>seq35


     -- USER>>seq227
940
     -- USER>>seq228


355 groups ( 48 aligned )



PARAMETERS for next cycle
 mul_wt = 0 damp = 0 mat_wt = 5
 gap_pen = 20 span = 5 window = 6
 minscore = 900 pepscore = 0 list_limit = 2
 circles = 0 output = 999 outline = 80
score_pairs 

average score over cutoff = 921

(12 pairs) cluster_pairs total list_alloc = 20
pack_lists 
update_blocks
     ---- USER>>seq235
1018
     ..p- USER>>seq241
     ..b- USER>>seq242
     ..b- USER>>seq243
     ..b- USER>>seq244
     ..b- USER>>seq245
     ..b- USER>>seq246


     ..p- USER>>seq404
     ..b- USER>>seq405
     ..b- USER>>seq406
     ..b- USER>>seq407
     ..b- USER>>seq387
     p-b- USER>>seq395
     b-p- USER>>seq394
     ..b- USER>>seq420
     ..b- USER>>seq419
930
     ---- USER>>seq388


     ---- USER>>seq147
928
     ---- USER>>seq164


     ---- USER>>seq270
916
     ---- USER>>seq269


     ---- USER>>seq294
916
     ---- USER>>seq257


     ..p- USER>>seq178
     ..b- USER>>seq179
     ..b- USER>>seq172
     ..b- USER>>seq176
     ..b- USER>>seq136
     ..b- USER>>seq135
     p-b- USER>>seq174
     b-p- USER>>seq180
     ..b- USER>>seq182
     ..b- USER>>seq175
     ..b- USER>>seq181
     ..b- USER>>seq177
     ..b- USER>>seq142
912
     ..p- USER>>seq173
     ..b- USER>>seq137


     ---- USER>>seq125
912
     ---- USER>>seq153


     ---- USER>>seq416
911
     ---- USER>>seq428


     p--- USER>>seq227
     b--- USER>>seq228
905
     ---- USER>>seq239


     ..p- USER>>seq36
     p-b- USER>>seq37
     b--- USER>>seq1
903
     ---- USER>>seq2


     ---- USER>>seq53
902
     p--- USER>>seq32
     b--- USER>>seq35


     ---- USER>>seq214
901
     ---- USER>>seq213


343 groups ( 53 aligned )

 nblocks = 491 seedblk = 0 seedseq = 4228762
picked USER>>seq54 (-4.882802)
picked USER>>seq49 (-4.844187)
picked USER>>seq11 (-4.770685)
picked USER>>seq36 (-4.770685)
picked USER>>seq43 (-4.682130)
picked USER>>seq56 (-4.521789)
picked USER>>seq62 (-4.744932)
picked USER>>seq51 (-4.882802)
picked USER>>seq7 (-104.727386)
picked USER>>seq59 (-4.753590)
picked USER>>seq3 (-4.727388)
picked USER>>seq5 (-4.787492)
picked USER>>seq47 (-4.736198)
picked USER>>seq57 (-4.744932)
picked USER>>seq31 (-4.539031)
picked USER>>seq6 (-4.795791)
picked USER>>seq13 (-104.836281)
picked USER>>seq8 (-4.762174)
picked USER>>seq12 (-4.744932)
picked USER>>seq15 (-4.753590)
picked USER>>seq16 (-4.836282)
picked USER>>seq17 (-4.804021)
picked USER>>seq34 (-4.820282)
picked USER>>seq18 (-4.691348)
picked USER>>seq48 (-4.709530)
picked USER>>seq33 (-4.762174)
picked USER>>seq35 (-4.665323)
picked USER>>seq44 (-4.718499)
picked USER>>seq46 (-4.744932)
picked USER>>seq52 (-4.753590)
picked USER>>seq55 (-4.787492)
picked USER>>seq58 (-4.852030)
picked USER>>seq60 (-4.682131)
picked USER>>seq61 (-4.718499)
picked USER>>seq77 (-4.602090)
picked USER>>seq116 (-4.770685)
picked USER>>seq63 (-4.762174)
picked USER>>seq64 (-4.795791)
picked USER>>seq86 (-4.779123)
picked USER>>seq81 (-4.804021)
picked USER>>seq104 (-4.812184)
picked USER>>seq89 (-4.753590)
picked USER>>seq88 (-4.744932)
picked USER>>seq117 (-4.744932)
picked USER>>seq118 (-4.770685)
picked USER>>seq79 (-4.770685)
picked USER>>seq82 (-4.770685)
picked USER>>seq108 (-4.787492)
picked USER>>seq67 (-4.770685)
picked USER>>seq71 (-4.613753)
picked USER>>seq85 (-4.836282)
picked USER>>seq105 (-4.753590)
picked USER>>seq103 (-4.762174)
picked USER>>seq68 (-4.762174)
picked USER>>seq107 (-4.605170)
picked USER>>seq69 (-4.709530)
picked USER>>seq109 (-4.770685)
picked USER>>seq72 (-4.736198)
picked USER>>seq73 (-4.753590)
picked USER>>seq74 (-4.736198)
picked USER>>seq75 (-4.744932)
picked USER>>seq119 (-4.762174)
picked USER>>seq83 (-4.795791)
picked USER>>seq84 (-4.795791)
picked USER>>seq90 (-4.795791)
picked USER>>seq91 (-4.700480)
picked USER>>seq93 (-4.779123)
picked USER>>seq97 (-4.770685)
picked USER>>seq98 (-4.663439)
picked USER>>seq110 (-4.644391)
picked USER>>seq99 (-4.744932)
picked USER>>seq100 (-4.779123)
picked USER>>seq106 (-4.787492)
picked USER>>seq112 (-4.736198)
picked USER>>seq113 (-4.736198)
picked USER>>seq114 (-4.770685)
picked USER>>seq153 (-4.547541)
picked USER>>seq126 (-4.727388)
picked USER>>seq148 (-4.779123)
picked USER>>seq144 (-4.795791)
picked USER>>seq145 (-4.804021)
picked USER>>seq128 (-4.828314)
picked USER>>seq131 (-4.787492)
picked USER>>seq140 (-4.779123)
picked USER>>seq127 (-4.804021)
picked USER>>seq129 (-4.744932)
picked USER>>seq130 (-4.762174)
picked USER>>seq183 (-4.736198)
picked USER>>seq168 (-4.787492)
picked USER>>seq146 (-4.787492)
picked USER>>seq165 (-4.770685)
picked USER>>seq150 (-4.779123)
picked USER>>seq163 (-4.812184)
picked USER>>seq141 (-4.753590)
picked USER>>seq132 (-4.727388)
picked USER>>seq147 (-4.513055)
picked USER>>seq180 (-4.160958)
picked USER>>seq133 (-4.770685)
picked USER>>seq134 (-4.787492)
picked USER>>seq138 (-4.770685)
picked USER>>seq157 (-4.753590)
picked USER>>seq139 (-4.753590)
picked USER>>seq143 (-4.709530)
picked USER>>seq167 (-4.691348)
picked USER>>seq151 (-4.770685)
picked USER>>seq152 (-4.691348)
picked USER>>seq154 (-4.762174)
picked USER>>seq155 (-4.744932)
picked USER>>seq156 (-4.744932)
picked USER>>seq158 (-4.762174)
picked USER>>seq159 (-4.762174)
picked USER>>seq161 (-4.770685)
picked USER>>seq162 (-4.770685)
picked USER>>seq166 (-4.644391)
picked USER>>seq169 (-4.736198)
picked USER>>seq170 (-4.820282)
picked USER>>seq171 (-4.753590)
picked USER>>seq184 (-4.804021)
picked USER>>seq185 (-4.663439)
picked USER>>seq186 (-4.787492)
picked USER>>seq190 (-4.787492)
picked USER>>seq187 (-4.762174)
picked USER>>seq223 (-4.779123)
picked USER>>seq222 (-4.753590)
picked USER>>seq241 (-4.683703)
picked USER>>seq202 (-4.770685)
picked USER>>seq240 (-4.709530)
picked USER>>seq191 (-4.770685)
picked USER>>seq199 (-4.787492)
picked USER>>seq212 (-4.795791)
picked USER>>seq192 (-4.744932)
picked USER>>seq193 (-4.691348)
picked USER>>seq195 (-4.682131)
picked USER>>seq196 (-4.744932)
picked USER>>seq197 (-4.897840)
picked USER>>seq238 (-4.753590)
picked USER>>seq233 (-4.770685)
picked USER>>seq210 (-4.727388)
picked USER>>seq198 (-4.787492)
picked USER>>seq236 (-4.859812)
picked USER>>seq237 (-4.779123)
picked USER>>seq209 (-4.787492)
picked USER>>seq226 (-4.762174)
picked USER>>seq227 (-4.665323)
picked USER>>seq200 (-4.787492)
picked USER>>seq204 (-4.770685)
picked USER>>seq207 (-4.736198)
picked USER>>seq201 (-4.663439)
picked USER>>seq203 (-4.709530)
picked USER>>seq211 (-4.644391)
picked USER>>seq213 (-2.772589)
picked USER>>seq215 (-4.736198)
picked USER>>seq216 (-4.718499)
picked USER>>seq217 (-4.736198)
picked USER>>seq218 (-4.753590)
picked USER>>seq219 (-4.762174)
picked USER>>seq220 (-4.727388)
picked USER>>seq221 (-4.787492)
picked USER>>seq224 (-4.762174)
picked USER>>seq225 (-4.624973)
picked USER>>seq229 (-4.787492)
picked USER>>seq230 (-4.718499)
picked USER>>seq232 (-4.779123)
picked USER>>seq247 (-4.753590)
picked USER>>seq248 (-4.718499)
picked USER>>seq302 (-4.787492)
picked USER>>seq273 (-4.753590)
picked USER>>seq249 (-4.882802)
picked USER>>seq264 (-4.753590)
picked USER>>seq275 (-4.795791)
picked USER>>seq292 (-4.709530)
picked USER>>seq250 (-4.753590)
picked USER>>seq253 (-4.016383)
picked USER>>seq251 (-4.762174)
picked USER>>seq252 (-4.762174)
picked USER>>seq272 (-4.744932)
picked USER>>seq256 (-4.779123)
picked USER>>seq254 (-4.736198)
picked USER>>seq294 (-3.126760)
picked USER>>seq295 (-4.727388)
picked USER>>seq258 (-4.770685)
picked USER>>seq259 (-4.727388)
picked USER>>seq300 (-4.779123)
picked USER>>seq308 (-4.753590)
picked USER>>seq260 (-4.753590)
picked USER>>seq261 (-4.762174)
picked USER>>seq262 (-4.770685)
picked USER>>seq263 (-4.812184)
picked USER>>seq296 (-4.753590)
picked USER>>seq297 (-4.770685)
picked USER>>seq267 (-4.779123)
picked USER>>seq270 (-4.795791)
picked USER>>seq310 (-4.736198)
picked USER>>seq271 (-4.736198)
picked USER>>seq274 (-4.753590)
picked USER>>seq276 (-4.795791)
picked USER>>seq277 (-4.890349)
picked USER>>seq279 (-4.795791)
picked USER>>seq286 (-4.762174)
picked USER>>seq280 (-4.718499)
picked USER>>seq281 (-4.709530)
picked USER>>seq283 (-4.700480)
picked USER>>seq285 (-4.779123)
picked USER>>seq287 (-4.762174)
picked USER>>seq288 (-4.762174)
picked USER>>seq289 (-4.672829)
picked USER>>seq290 (-4.779123)
picked USER>>seq293 (-4.736198)
picked USER>>seq298 (-4.804021)
picked USER>>seq303 (-4.770685)
picked USER>>seq299 (-4.718499)
picked USER>>seq304 (-4.709530)
picked USER>>seq305 (-4.718499)
picked USER>>seq306 (-4.779123)
picked USER>>seq307 (-4.787492)
picked USER>>seq309 (-4.718499)
picked USER>>seq311 (-4.779123)
picked USER>>seq316 (-4.795791)
picked USER>>seq369 (-4.779123)
picked USER>>seq312 (-4.736198)
picked USER>>seq320 (-4.770685)
picked USER>>seq329 (-4.753590)
picked USER>>seq313 (-4.718499)
picked USER>>seq317 (-4.762174)
picked USER>>seq314 (-4.770685)
picked USER>>seq321 (-4.787492)
picked USER>>seq315 (-4.779123)
picked USER>>seq322 (-4.727388)
picked USER>>seq324 (-4.744932)
picked USER>>seq326 (-4.762174)
picked USER>>seq348 (-4.787492)
picked USER>>seq330 (-4.770685)
picked USER>>seq357 (-4.770685)
picked USER>>seq355 (-4.762174)
picked USER>>seq354 (-4.779123)
picked USER>>seq332 (-4.753590)
picked USER>>seq365 (-4.744932)
picked USER>>seq325 (-4.762174)
picked USER>>seq367 (-4.727388)
picked USER>>seq351 (-4.770685)
picked USER>>seq350 (-4.762174)
picked USER>>seq360 (-4.779123)
picked USER>>seq338 (-4.762174)
picked USER>>seq345 (-4.713972)
picked USER>>seq327 (-4.718499)
picked USER>>seq328 (-4.812184)
picked USER>>seq363 (-4.762174)
picked USER>>seq356 (-4.753590)
picked USER>>seq331 (-4.770685)
picked USER>>seq358 (-4.762174)
picked USER>>seq359 (-4.779123)
picked USER>>seq361 (-4.753590)
picked USER>>seq362 (-4.762174)
picked USER>>seq364 (-4.744932)
picked USER>>seq366 (-4.804021)
picked USER>>seq368 (-4.897840)
picked USER>>seq370 (-4.812184)
picked USER>>seq374 (-4.736198)
picked USER>>seq386 (-4.753590)
picked USER>>seq431 (-4.753590)
picked USER>>seq375 (-4.762174)
picked USER>>seq396 (-4.753590)
picked USER>>seq416 (-3.574935)
picked USER>>seq376 (-4.595120)
picked USER>>seq404 (-4.292792)
picked USER>>seq408 (-4.753590)
picked USER>>seq377 (-4.779123)
picked USER>>seq381 (-4.779123)
picked USER>>seq397 (-4.736198)
picked USER>>seq398 (-4.753590)
picked USER>>seq410 (-4.804021)
picked USER>>seq411 (-4.753590)
picked USER>>seq401 (-4.753590)
picked USER>>seq413 (-4.990433)
picked USER>>seq379 (-4.795791)
picked USER>>seq402 (-4.927254)
picked USER>>seq380 (-4.779123)
picked USER>>seq383 (-4.736198)
picked USER>>seq384 (-4.736198)
picked USER>>seq382 (-4.787492)
picked USER>>seq385 (-4.779123)
picked USER>>seq390 (-4.787492)
picked USER>>seq391 (-4.787492)
picked USER>>seq392 (-4.941642)
picked USER>>seq393 (-4.852030)
picked USER>>seq399 (-4.820282)
picked USER>>seq400 (-4.852030)
picked USER>>seq403 (-4.744932)
picked USER>>seq412 (-4.795791)
picked USER>>seq414 (-4.691348)
picked USER>>seq415 (-4.744932)
picked USER>>seq417 (-4.882802)
picked USER>>seq421 (-4.744932)
picked USER>>seq434 (-4.718499)
picked USER>>seq422 (-4.718499)
picked USER>>seq424 (-4.770685)
picked USER>>seq425 (-4.795791)
picked USER>>seq426 (-4.779123)
picked USER>>seq430 (-4.844187)
picked USER>>seq433 (-4.718499)
picked USER>>seq435 (-4.762174)
picked USER>>seq472 (-4.718499)
picked USER>>seq436 (-4.718499)
picked USER>>seq437 (-4.753590)
picked USER>>seq438 (-4.762174)
picked USER>>seq476 (-4.753590)
picked USER>>seq455 (-4.744932)
picked USER>>seq460 (-4.718499)
picked USER>>seq452 (-4.736198)
picked USER>>seq444 (-4.753590)
picked USER>>seq439 (-4.795791)
picked USER>>seq495 (-4.779123)
picked USER>>seq496 (-4.770685)
picked USER>>seq448 (-4.744932)
picked USER>>seq466 (-4.762174)
picked USER>>seq440 (-4.812184)
picked USER>>seq445 (-4.770685)
picked USER>>seq446 (-4.727388)
picked USER>>seq443 (-4.812184)
picked USER>>seq492 (-4.762174)
picked USER>>seq465 (-4.795791)
picked USER>>seq468 (-4.787492)
picked USER>>seq469 (-4.779123)
picked USER>>seq467 (-4.539031)
picked USER>>seq500 (-104.727386)
picked USER>>seq447 (-4.795791)
picked USER>>seq449 (-4.762174)
picked USER>>seq450 (-4.753590)
picked USER>>seq451 (-4.795791)
picked USER>>seq454 (-4.820282)
picked USER>>seq456 (-4.812184)
picked USER>>seq457 (-4.762174)
picked USER>>seq458 (-4.744932)
picked USER>>seq461 (-4.700480)
picked USER>>seq462 (-4.744932)
picked USER>>seq471 (-4.762174)
picked USER>>seq463 (-4.828314)
picked USER>>seq464 (-4.770685)
picked USER>>seq473 (-4.779123)
picked USER>>seq475 (-4.770685)
picked USER>>seq490 (-4.709530)
picked USER>>seq494 (-4.762174)
picked USER>>seq498 (-4.624973)
 kept = 343
