
========================[ Dec 14, 2015  1:51 PM ]========================
Version 2.2.26 [Sep-21-2011]
Started database file "full.seq"
Formatted 55 sequences in volume 0
SUCCESS: formatted database full.seq

========================[ Dec 14, 2015  1:53 PM ]========================
Version 2.2.26 [Sep-21-2011]
Started database file "full.seq"
Formatted 55 sequences in volume 0
SUCCESS: formatted database full.seq

========================[ Dec 14, 2015  2:26 PM ]========================
Version 2.2.26 [Sep-21-2011]
Started database file "full.seq"
Formatted 55 sequences in volume 0
SUCCESS: formatted database full.seq

========================[ Dec 14, 2015  3:03 PM ]========================
Version 2.2.26 [Sep-21-2011]
Started database file "full.seq"
Formatted 55 sequences in volume 0
SUCCESS: formatted database full.seq

========================[ Dec 14, 2015  4:12 PM ]========================
Version 2.2.26 [Sep-21-2011]
Started database file "full.seq"
Formatted 70 sequences in volume 0
SUCCESS: formatted database full.seq
