------X---X-------
----X-X-XXX-------
----X-X-XXXX--X---
----X-XXXXXX--X---
----DXXXXXDD--V---
----DVVXVXXX--V---
----DVVDDXXXX-V---
----DVVDDvvVV-V---
--X-DVDDddvvD-V-X-
-XD-DVDdddddD-DXXX
-VD-DDDdddddDXDXDD
-VDXDdDdddddDXdDDD
-VDVdddddddddXdDDD
XXDVdddddddddXdDDD
XXdVdddddddddXdDdD
XVdVdddddddddXdddd
VVdDdddddddddXdddd
XVdDdddddddddXdddd
XVdDdddddddddXdddd
XVdDdddddddddXdddd
DDdDdddvdxxxdXdddd
DDxDxddxdxxxxXdddd
DDdDxdxxdxxxdXdddd
DXxDxdxdxxxxxVxxxx
DXdDxdxddxdxdVdddx
DXdDdddddddddVdddd
DXdDvddddddvdVdddd
DVdDvddddddvdXdddv
XVvVvvvvdvvvvXvvdv
XVvXvvvvdvvvdXdddd
XXdXdddddddDdXdddd
XXdDdddddddDdXdddd
X-vDvvvvvDVVvXvvvv
VXxDXXXXVXXXXXXXXv
VXXXXXXXXXXXXXXXXX
VDXXXXXXXXXDXXXXXX
XXXXXXXXXXXXXDXVXX
dVXXXXXXXXXDXDXXXX
dDXXXXXXXXXXXDXXXX
ddXVXXXXXXXXXDXXXX
ddXvXXXXXXXXXDXXXx
---v--------------
ddXvXXXXXXXXXdXXXx
ddXdXXXXXXXXXdXXXx
ddvdVdVvVvvvvddvDv
ddvdVvvvvvvvvddvvv
ddvdvvvvvvvvvdvvvv
ddvdvvvvvvvvvdvvvv
ddddvdvddddvdddddd
dddddddddddddddddd
dddddddddddddddddd
dddddddddddd-ddddd
dddddddddddddddddd
dddvdddddddddxdddd
dddvdddddddddxdddd
dddxdddddddddxdddd
dddxdddddddddxdddd
ddvxddddddvddddddd
ddvvvvdvddvvdddddv
ddvvvvvvvdvvddvvv-
DDxvxxxxxxxxddxxxx
DDxdxxxxvxxXdDxxxx
DDxdxxxxdXxDxDXxxx
DDvdvvddvDdDxVDvdv
DDvxvvddvDvV--VVvv
DVvXvvddvDvV--VVvv
DDdXvDdddDdV--DDdV
DDDXvDdDdDDD--DDdD
DDDVdDdDdDDD--DDdV
DDXVvXvDvXXX--VVvV
--XVxXVXXXXX--XXXX
DDXVXXXXXXXXXXXXXX
DDXXX-XXXXXXXXXXXX
XXVXXXVVXVVVXXVVXV
VVVXVVVVVVVVVXVVVV
VVVDVVVVVVVVVDVVVV
XVVVVXVXXVVXVDVVXX
XXXvXXXXXXXXXDXXXX
XXXdXDXXXXXVXDXXXX
VVXdXDDXXXXDXDDXDD
VvXdVDDDXDXDDDDDDD
vvVdVXVVVXVXXDXXXX
vvvdVVVVvVvVvDVvVV
vvvdVDVVvDvDvDVdDD
vvddXDVVvVdDvDDdDD
vvddxddddDdddDdddd
ddddxddddDdddDdddd
ddddxddddddddDdddd
dddddddddddddDdddd
dddddddddddddDdddd
dddddddddddddDdddd
dddddddddddddDdddd
dddddddddddddDdddd
dddddddddddddDdddd
dddddddddddddDdddd
dddddddddddddDdddd
dddddddddddddDdddd
xddddddddddddDdddd
xddddddddddddDdddd
xddDdddddddddDdddd
--dDdddddddddDdddd
xddDdddddddddDdddd
xxdDdddddddddDdDdd
xxdDdddddddddDdDdd
XXDDDDDDdDDDDDDDDD
XXDDDDDDdDDXDDDDDD
XXDDDDDDdDDDDDDDDD
XXDDDDDDDDDDDDDDDD
XXDDVDD-DDD-XDDDDD
XXDDVDD-DDDVXVDDVD
XXDDVDD-DVDXDVDDDD
XXDDDDDDXXDDDDDDDX
XXDXD-DDDXDD-DDDDX
XX-VDDDDDDDDXDDDDD
XX-XDDDXDXDDXDDDDD
VX-XDDDDDXDDXDD-DD
VX-XDDXDXXXDDDD-XD
VX-XVDXDVVVVDXVDDV
VX-vVDVDVVVVDVVDVV
VXDvXDVXXXVVXXVDXD
VDDvXXXDXXXXXXXDXX
VXDvXXXDXXXXVXXDXX
XXXvxXXDXVXXvXXDXx
XXVdvXVDVvVvdVvDXv
XXVdvVvDvvVvdVvDvv
XXXdvvvDvvvvdvvDvv
XXXdvvvvvvvvdvvVvv
XXXdvvddvvvvdvvvvd
XXXddddddvvvdvddvd
VXVddddddddddddddd
VVVddddddddddddddd
vvvddddddddddddddd
vvvddddddddddddddd
vvvddddddddddddddd
vddxdddddddddddddd
dddxdddddddddddddd
dddxdddddddddddddd
dddxdddddddddddddd
-ddxdddddddddddddd
---xxxxddddddxxxdx
---XdxdddxdxdxXxdd
---XxxxdxxdxddXxdd
---XxxdddxdxxdXddd
---XvXvxdvvxxxXddx
---XxXXxxvxxxvXxxD
---XxXXxxxxxXxXXxX
---XXXXXXxXXXXXX-X
---XXXXXXXXXXXXXxX
---XXXVXXVXXXX-XXX
---XXXXXXVXXXXXXXX
---DXVXXXVXXXXXXXX
---XXVXXXXXXXXXXXX
---XXVXX-XXXXXXXXX
---XXVXX-XXXXXXXXX
---XXXXXXXXXVXXXVX
---XXXXXXXXVVXVXVX
-----XVVVVXVVX----
-----VVVVXXVVVVXVX
-----XXXXXXVVVXXVX
-----XXVVXXXXXXXVX
-----XXXXXXX------
-----------X------
-----------D------
-----DXXXXXXXXVXVX
-----XXXXXXXVXXXVX
-----XXXXXXXXXXVXX
-----XXXXXXXXXXXXX
-------XXXXXXDXX--
-------DDXDXXDXD--
-------XDdXXXVXX--
-------XDdXXDdVXXX
-------XDdXXXdvXXX
-----xdXddXVXddXxx
-----ddvxdXvXddVxx
-----vvvddVvDddvvv
-----vdvddVvvddvvv
-----vdvddvvdddvvv
-----vdddddddddvvv
-----vdddddddddvvv
---XXddddddddd-dvv
---VXddddddddddddd
-ddvXddddddddddddd
dddvXddddddddddddd
dddvVddddddddddddd
dddvXddddddddddddd
ddddxddddddddddddd
dddddddddddddddddd
ddddvddddddddddd-d
ddddvddddddddddddd
ddddvddddddddddddd
ddddvddddddddddddd
ddvd-ddddddddddddd
ddxdvddddddddDdddd
ddxddddddddddXdddd
dDXdddDddDdddVdddd
DDXdddDdDDddDDdddd
DDXdddDdDDddDVDdDd
VDXddDDdDDvdVVVdDV
VDXddDDDDDvDDXVDDV
DDXddDDDDDvDDXVDDD
DDXddDDDVDvDDXXDDV
VDXDdDDDVDXDDXDDDV
VDXDdXD-VDXXXXDDDV
DDXDDXD-DDDDXXDDDX
XDXXDXDDXDXXXXX-DX
XXXXDXXXXDDDXXX-DX
XDXXDXXXXDXDXXXXDX
XXXXDXXXXDXXXXXXDX
XXXXDXXXXXXXXXXXXX
XXXXDXXXXXXXXXXXXX
XXXXDXXXXXXXXXXXXD
XXXXDDXXXXXXXXXXXX
XXXVD-XXXXXXDXXDXD
XXXXDXXXXXXXDXXXXD
XXXDDDXXXXVDDXDXXD
DD--XDXXDXVDXXXXXD
DDXDXDXXXXX-----X-
DDXXXDXXXXX-----X-
DDXDX-----------D-
DXXDXDXDXXX-----D-
DDXDXDXXXXXXDXXXDD
dDVdXdDDDDDDDDDdDD
dDvdXdDDDDDDdDDdDD
ddvdXdDDDDDD-DDdDD
ddvdDdDddDdddddddd
ddvdDddddddvdddddd
ddddDddddddddddddd
ddddDddddddddddddd
ddddDddddddddddddd
ddddDddddddddddddd
ddddDddddddddddddd
dddddddddddddddddd
dddddddddddddddddd
dddddddddddddddddd
dddddddddddddddddd
dddddddddddddddddd
dddddddddddddddddd
dddddddddddddddddd
dddddddddddddddDdd
dddDdddddddddddDdd
dddDdddddddddddDdd
dddDdddddddddddDdd
dddDdDdddddddDDDdd
d-dXdDDddddddDDDdd
dddDdXDddddddDDDdd
dddXdXDddddddDDDvd
DddXdXDdXddddVDDdd
DdDXdXDxXddddXDDxd
XDDXdXDXXddxXXXDxd
XXDXdXXXXxXXXXXXXX
XXDXvXXXXXXXXXXXXX
XXXXXXXXXXXXXXXXXX
XXXXXxXXXXXXXXXXXX
XXDXXxXXXXXXXXXXXX
-XXX-dXXXXXXXXXXXX
-XXD-dXXXXXXXXXXXX
-XXDXdXXXxXXXXXxXX
XdXDXdXXDdDDXXddDD
ddXDXddDDdDDDDddDD
ddXDxddVDdDD--dd--
vvDDxddVDddDDVddDD
vdDDxddDDddDDDdd-D
ddDDxddDDddDDDdd-d
ddXDxddDDddDDDdd-d
ddXDdddDDddDDddddd
ddXDdddDDddDDddddd
ddXDdddDDddDDddddd
dddDdddDDddDDddddd
dddDdxdDDddDDddddd
dddDdddDDddDDddddd
dddDdxdDDddDDddddd
dddXxddXDxxXXddxdx
dddDxddDDddDDddddd
xddXxddXDxxXXxxddd
dddDdddDDddDDxdddd
dddDdddDDddDDddddd
dddDvddDDddDDvddvd
dddVvVdDDddDDvddvd
dddDVXdDDddDDddddd
dddDVDdDDddDDddddd
dddXVDDDDdXDDvdddd
xDdXXDXXXXXDDXDDXD
DDdXXDDDDDXDDDDDDD
DDdXXDDDDDXDDDDDDD
DDXX-DDDDDXDDDDDDD
DDDX-DDDDDXDDDDDDD
DDD--DDDDD-DDDDDDD
DDD--VDDDD-DDDDDDD
DDV--DDDDD-DVDDDDD
DDV--VDDDD-DXDDDDX
DDX--VVDDD-DXDDDDX
DD---VXDDD-VXDDXD-
DX---XXDXX-XXXXXX-
XX---XXXXX-X-X----
XX----XX-X-X------
XX-----X----------
XX-----X----------
XX----------------
